<?xml version="1.0" encoding="UTF-8"?>
<!-- Generated by org.testng.reporters.JUnitReportReporter -->
<testsuite hostname="Dipak" failures="0" tests="4" name="javaPackage.TestNG4" time="0.008" errors="0" timestamp="2026-08-10T14:23:44 IST" skipped="0">
  <testcase classname="javaPackage.TestNG4" name="a" time="0.002"/>
  <testcase classname="javaPackage.TestNG4" name="c" time="0.001"/>
  <testcase classname="javaPackage.TestNG4" name="d" time="0.003"/>
  <testcase classname="javaPackage.TestNG4" name="b" time="0.002"/>
</testsuite> <!-- javaPackage.TestNG4 -->
