<?xml version="1.0" encoding="UTF-8"?>
<!-- Generated by org.testng.reporters.JUnitReportReporter -->
<testsuite hostname="Dipak" failures="0" tests="4" name="javaPackage.TestNG3" time="0.012" errors="0" timestamp="2026-08-10T14:23:44 IST" skipped="0">
  <testcase classname="javaPackage.TestNG3" name="z" time="0.004"/>
  <testcase classname="javaPackage.TestNG3" name="a1" time="0.004"/>
  <testcase classname="javaPackage.TestNG3" name="a3" time="0.002"/>
  <testcase classname="javaPackage.TestNG3" name="ab" time="0.002"/>
</testsuite> <!-- javaPackage.TestNG3 -->
