<?xml version="1.0" encoding="UTF-8"?>
<!-- Generated by org.testng.reporters.JUnitReportReporter -->
<testsuite hostname="Dipak" failures="0" tests="3" name="javaPackage.TestNG2" time="0.007" errors="0" timestamp="2026-08-10T14:23:44 IST" skipped="0">
  <testcase classname="javaPackage.TestNG2" name="B1" time="0.002"/>
  <testcase classname="javaPackage.TestNG2" name="a2" time="0.002"/>
  <testcase classname="javaPackage.TestNG2" name="a1" time="0.003"/>
</testsuite> <!-- javaPackage.TestNG2 -->
