<?xml version="1.0" encoding="UTF-8"?>
<!-- Generated by org.testng.reporters.JUnitReportReporter -->
<testsuite hostname="Dipak" failures="0" tests="1" name="com.projectName.tests.PageFactoryTestAutomationPracticeLoginTest" time="4.310" errors="0" timestamp="2026-08-27T19:33:22 IST" skipped="0">
  <testcase classname="com.projectName.tests.PageFactoryTestAutomationPracticeLoginTest" name="pageFactoryloginTest" time="4.310"/>
</testsuite> <!-- com.projectName.tests.PageFactoryTestAutomationPracticeLoginTest -->
