<?xml version="1.0" encoding="UTF-8"?>
<!-- Generated by org.testng.reporters.JUnitReportReporter -->
<testsuite hostname="Dipak" failures="0" tests="6" name="javaPackage.TestNG8" time="0.023" errors="0" timestamp="2026-08-10T18:12:12 IST" skipped="0">
  <testcase classname="javaPackage.TestNG8" name="c" time="0.003"/>
  <testcase classname="javaPackage.TestNG8" name="d" time="0.002"/>
  <testcase classname="javaPackage.TestNG8" name="a" time="0.013"/>
  <testcase classname="javaPackage.TestNG8" name="b" time="0.001"/>
  <testcase classname="javaPackage.TestNG8" name="f" time="0.003"/>
  <testcase classname="javaPackage.TestNG8" name="e" time="0.001"/>
</testsuite> <!-- javaPackage.TestNG8 -->
