<?xml version="1.0" encoding="UTF-8"?>
<!-- Generated by org.testng.reporters.JUnitReportReporter -->
<testsuite hostname="Dipak" failures="0" tests="3" name="javaPackage.TestNG6" time="0.005" errors="0" timestamp="2026-08-10T14:23:44 IST" skipped="1">
  <testcase classname="javaPackage.TestNG6" name="c" time="0.003"/>
  <testcase classname="javaPackage.TestNG6" name="a" time="0.002"/>
  <testcase classname="javaPackage.TestNG6" name="b">
    <skipped/>
  </testcase> <!-- b -->
</testsuite> <!-- javaPackage.TestNG6 -->
