<?xml version="1.0" encoding="UTF-8"?>
<!-- Generated by org.testng.reporters.JUnitXMLReporter -->
<testsuite ignored="25" hostname="Dipak" failures="0" tests="6" name="Test" time="0.124" errors="0" timestamp="2026-08-10T18:12:12 IST">
  <testcase classname="javaPackage.TestNG8" name="a" time="0.013"/>
  <testcase classname="javaPackage.TestNG8" name="b" time="0.001"/>
  <testcase classname="javaPackage.TestNG8" name="c" time="0.003"/>
  <testcase classname="javaPackage.TestNG8" name="d" time="0.002"/>
  <testcase classname="javaPackage.TestNG8" name="e" time="0.001"/>
  <testcase classname="javaPackage.TestNG8" name="f" time="0.003"/>
  <testcase classname="javaPackage.TestNG5" name="f" time="0.0">
    <ignored/>
  </testcase> <!-- f -->
  <testcase classname="javaPackage.TestNG2" name="B1" time="0.0">
    <ignored/>
  </testcase> <!-- B1 -->
  <testcase classname="javaPackage.TestNG2" name="a2" time="0.0">
    <ignored/>
  </testcase> <!-- a2 -->
  <testcase classname="javaPackage.TestNG5" name="d" time="0.0">
    <ignored/>
  </testcase> <!-- d -->
  <testcase classname="javaPackage.TestNG5" name="b" time="0.0">
    <ignored/>
  </testcase> <!-- b -->
  <testcase classname="javaPackage.TestNG7" name="e" time="0.0">
    <ignored/>
  </testcase> <!-- e -->
  <testcase classname="javaPackage.TestNG6" name="b" time="0.0">
    <ignored/>
  </testcase> <!-- b -->
  <testcase classname="javaPackage.TestNG3" name="ab" time="0.0">
    <ignored/>
  </testcase> <!-- ab -->
  <testcase classname="javaPackage.TestNG7" name="a" time="0.0">
    <ignored/>
  </testcase> <!-- a -->
  <testcase classname="javaPackage.TestNG7" name="c" time="0.0">
    <ignored/>
  </testcase> <!-- c -->
  <testcase classname="javaPackage.TestNG3" name="z" time="0.0">
    <ignored/>
  </testcase> <!-- z -->
  <testcase classname="javaPackage.TestNG4" name="a" time="0.0">
    <ignored/>
  </testcase> <!-- a -->
  <testcase classname="javaPackage.TestNG4" name="c" time="0.0">
    <ignored/>
  </testcase> <!-- c -->
  <testcase classname="javaPackage.TestNG3" name="a3" time="0.0">
    <ignored/>
  </testcase> <!-- a3 -->
  <testcase classname="javaPackage.TestNG3" name="a1" time="0.0">
    <ignored/>
  </testcase> <!-- a1 -->
  <testcase classname="javaPackage.TestNG7" name="b" time="0.0">
    <ignored/>
  </testcase> <!-- b -->
  <testcase classname="javaPackage.TestNG2" name="a1" time="0.0">
    <ignored/>
  </testcase> <!-- a1 -->
  <testcase classname="javaPackage.TestNG5" name="e" time="0.0">
    <ignored/>
  </testcase> <!-- e -->
  <testcase classname="javaPackage.TestNG5" name="c" time="0.0">
    <ignored/>
  </testcase> <!-- c -->
  <testcase classname="javaPackage.TestNG1" name="testMethdo" time="0.0">
    <ignored/>
  </testcase> <!-- testMethdo -->
  <testcase classname="javaPackage.TestNG7" name="d" time="0.0">
    <ignored/>
  </testcase> <!-- d -->
  <testcase classname="javaPackage.TestNG6" name="c" time="0.0">
    <ignored/>
  </testcase> <!-- c -->
  <testcase classname="javaPackage.TestNG6" name="a" time="0.0">
    <ignored/>
  </testcase> <!-- a -->
  <testcase classname="javaPackage.TestNG4" name="d" time="0.0">
    <ignored/>
  </testcase> <!-- d -->
  <testcase classname="javaPackage.TestNG4" name="b" time="0.0">
    <ignored/>
  </testcase> <!-- b -->
</testsuite> <!-- Test -->
