<?xml version="1.0" encoding="UTF-8"?>
<testng-results ignored="0" total="1" passed="1" failed="0" skipped="0">
  <reporter-output>
  </reporter-output>
  <suite started-at="2026-08-27T19:33:18 IST" name="Default suite" finished-at="2026-08-27T19:33:22 IST" duration-ms="4350">
    <groups>
    </groups>
    <test started-at="2026-08-27T19:33:18 IST" name="Default test" finished-at="2026-08-27T19:33:22 IST" duration-ms="4350">
      <class name="com.projectName.tests.PageFactoryTestAutomationPracticeLoginTest">
        <test-method signature="pageFactoryloginTest()[pri:0, instance:com.projectName.tests.PageFactoryTestAutomationPracticeLoginTest@7e094740]" started-at="2026-08-27T19:33:18 IST" name="pageFactoryloginTest" finished-at="2026-08-27T19:33:22 IST" duration-ms="4310" status="PASS">
          <reporter-output>
          </reporter-output>
        </test-method> <!-- pageFactoryloginTest -->
      </class> <!-- com.projectName.tests.PageFactoryTestAutomationPracticeLoginTest -->
    </test> <!-- Default test -->
  </suite> <!-- Default suite -->
</testng-results>
