<?xml version="1.0" encoding="UTF-8"?>
<!-- Generated by org.testng.reporters.JUnitXMLReporter -->
<testsuite ignored="5" hostname="Dipak" failures="1" tests="5" name="Test(failed)" time="0.147" errors="0" timestamp="2026-08-10T18:15:46 IST">
  <testcase classname="javaPackage.TestNG5" name="f" time="0.026">
    <skipped/>
  </testcase> <!-- f -->
  <testcase classname="javaPackage.TestNG7" name="c" time="0.022">
    <failure type="java.lang.AssertionError" message="expected [true] but found [false]">
      <![CDATA[java.lang.AssertionError: expected [true] but found [false]
at javaPackage.TestNG7.c(TestNG7.java:22)
at java.base/java.util.ArrayList.forEach(ArrayList.java:1511)
... Removed 31 stack frames]]>
    </failure>
  </testcase> <!-- c -->
  <testcase classname="javaPackage.TestNG7" name="a" time="0.002"/>
  <testcase classname="javaPackage.TestNG7" name="b" time="0.003"/>
  <testcase classname="javaPackage.TestNG7" name="d" time="0.0">
    <skipped/>
  </testcase> <!-- d -->
  <testcase classname="javaPackage.TestNG5" name="b" time="0.0">
    <ignored/>
  </testcase> <!-- b -->
  <testcase classname="javaPackage.TestNG7" name="e" time="0.0">
    <ignored/>
  </testcase> <!-- e -->
  <testcase classname="javaPackage.TestNG5" name="d" time="0.0">
    <ignored/>
  </testcase> <!-- d -->
  <testcase classname="javaPackage.TestNG5" name="c" time="0.0">
    <ignored/>
  </testcase> <!-- c -->
  <testcase classname="javaPackage.TestNG5" name="e" time="0.0">
    <ignored/>
  </testcase> <!-- e -->
</testsuite> <!-- Test(failed) -->
